Build started 2017-03-10 14:20:31.
     1>Project "C:\Users\student\PWP\build\RUN_TESTS.vcxproj" on node 2 (rebuild target(s)).
     1>InitializeBuildStatus:
         Creating "Win32\Debug\RUN_TESTS\RUN_TESTS.unsuccessfulbuild" because "AlwaysCreate" was specified.
       PostBuildEvent:
         setlocal
         C:\Users\student\cmake-3.6.3-win64-x64\bin\ctest.exe --force-new-ctest-process -C Debug
         if %errorlevel% neq 0 goto :cmEnd
         :cmEnd
         endlocal & call :cmErrorLevel %errorlevel% & goto :cmDone
         :cmErrorLevel
         exit /b %1
         :cmDone
         if %errorlevel% neq 0 goto :VCEnd
         :VCEnd
         Test project C:/Users/student/PWP/build
             Start 1: LaborkaPodstawowyTest
         1/3 Test #1: LaborkaPodstawowyTest ............   Passed    0.09 sec
             Start 2: LaborkaWynikSin45
         2/3 Test #2: LaborkaWynikSin45 ................***Failed  Required regular expression not found.Regex=[0[.,]7071
         ]  0.00 sec
             Start 3: Laborka3sek
         3/3 Test #3: Laborka3sek ......................   Passed    0.02 sec
         
         67% tests passed, 1 tests failed out of 3
         
         Total Test time (real) =   0.12 sec
         
         The following tests FAILED:
         	  2 - LaborkaWynikSin45 (Failed)
         Errors while running CTest
     1>C:\Program Files (x86)\MSBuild\Microsoft.Cpp\v4.0\Microsoft.CppCommon.targets(113,5): error MSB3073: The command "setlocal
C:\Program Files (x86)\MSBuild\Microsoft.Cpp\v4.0\Microsoft.CppCommon.targets(113,5): error MSB3073: C:\Users\student\cmake-3.6.3-win64-x64\bin\ctest.exe --force-new-ctest-process -C Debug
C:\Program Files (x86)\MSBuild\Microsoft.Cpp\v4.0\Microsoft.CppCommon.targets(113,5): error MSB3073: if %errorlevel% neq 0 goto :cmEnd
C:\Program Files (x86)\MSBuild\Microsoft.Cpp\v4.0\Microsoft.CppCommon.targets(113,5): error MSB3073: :cmEnd
C:\Program Files (x86)\MSBuild\Microsoft.Cpp\v4.0\Microsoft.CppCommon.targets(113,5): error MSB3073: endlocal & call :cmErrorLevel %errorlevel% & goto :cmDone
C:\Program Files (x86)\MSBuild\Microsoft.Cpp\v4.0\Microsoft.CppCommon.targets(113,5): error MSB3073: :cmErrorLevel
C:\Program Files (x86)\MSBuild\Microsoft.Cpp\v4.0\Microsoft.CppCommon.targets(113,5): error MSB3073: exit /b %1
C:\Program Files (x86)\MSBuild\Microsoft.Cpp\v4.0\Microsoft.CppCommon.targets(113,5): error MSB3073: :cmDone
C:\Program Files (x86)\MSBuild\Microsoft.Cpp\v4.0\Microsoft.CppCommon.targets(113,5): error MSB3073: if %errorlevel% neq 0 goto :VCEnd
C:\Program Files (x86)\MSBuild\Microsoft.Cpp\v4.0\Microsoft.CppCommon.targets(113,5): error MSB3073: :VCEnd" exited with code 8.
     1>Done Building Project "C:\Users\student\PWP\build\RUN_TESTS.vcxproj" (rebuild target(s)) -- FAILED.

Build FAILED.

Time Elapsed 00:00:00.46
